<?xml version="1.0" encoding="UTF-8"?>
<testng-results ignored="0" total="1" passed="1" failed="0" skipped="0">
  <reporter-output>
  </reporter-output>
  <suite started-at="2024-08-26T09:24:14 IST" name="Default suite" finished-at="2024-08-26T09:24:17 IST" duration-ms="2683">
    <groups>
    </groups>
    <test started-at="2024-08-26T09:24:14 IST" name="Default test" finished-at="2024-08-26T09:24:17 IST" duration-ms="2683">
      <class name="DOM_selectors.femaleemployees">
        <test-method is-config="true" signature="suitebefore()[pri:0, instance:DOM_selectors.femaleemployees@3cce5371]" started-at="2024-08-26T09:24:13 IST" name="suitebefore" finished-at="2024-08-26T09:24:14 IST" duration-ms="1418" status="PASS">
          <reporter-output>
          </reporter-output>
        </test-method> <!-- suitebefore -->
        <test-method is-config="true" signature="classbefore()[pri:0, instance:DOM_selectors.femaleemployees@3cce5371]" started-at="2024-08-26T09:24:14 IST" name="classbefore" finished-at="2024-08-26T09:24:15 IST" duration-ms="278" status="PASS">
          <reporter-output>
          </reporter-output>
        </test-method> <!-- classbefore -->
        <test-method signature="test3()[pri:0, instance:DOM_selectors.femaleemployees@3cce5371]" started-at="2024-08-26T09:24:15 IST" name="test3" finished-at="2024-08-26T09:24:17 IST" duration-ms="2374" status="PASS">
          <reporter-output>
          </reporter-output>
        </test-method> <!-- test3 -->
        <test-method is-config="true" signature="suiteafter()[pri:0, instance:DOM_selectors.femaleemployees@3cce5371]" started-at="2024-08-26T09:24:17 IST" name="suiteafter" finished-at="2024-08-26T09:24:17 IST" duration-ms="111" status="PASS">
          <reporter-output>
          </reporter-output>
        </test-method> <!-- suiteafter -->
      </class> <!-- DOM_selectors.femaleemployees -->
    </test> <!-- Default test -->
  </suite> <!-- Default suite -->
</testng-results>
